CRITICAL - 2025-04-04 02:14:17 --> Error: Class "App\Controllers\Error" not found
[Method: GET, Route: icons/ubuntu-logo.png]
in SYSTEMPATH/CodeIgniter.php on line 903.
 1 SYSTEMPATH/CodeIgniter.php(963): CodeIgniter\CodeIgniter->createController()
 2 SYSTEMPATH/CodeIgniter.php(360): CodeIgniter\CodeIgniter->display404errors()
 3 SYSTEMPATH/Boot.php(334): CodeIgniter\CodeIgniter->run()
 4 SYSTEMPATH/Boot.php(67): CodeIgniter\Boot::runCodeIgniter()
 5 FCPATH/index.php(56): CodeIgniter\Boot::bootWeb()
CRITICAL - 2025-04-04 02:20:15 --> Error: Class "App\Controllers\Error" not found
[Method: GET, Route: /]
in SYSTEMPATH/CodeIgniter.php on line 903.
 1 SYSTEMPATH/CodeIgniter.php(963): CodeIgniter\CodeIgniter->createController()
 2 SYSTEMPATH/CodeIgniter.php(360): CodeIgniter\CodeIgniter->display404errors()
 3 SYSTEMPATH/Boot.php(334): CodeIgniter\CodeIgniter->run()
 4 SYSTEMPATH/Boot.php(67): CodeIgniter\Boot::runCodeIgniter()
 5 FCPATH/index.php(56): CodeIgniter\Boot::bootWeb()
CRITICAL - 2025-04-04 02:22:13 --> ErrorException: Undefined variable $message
[Method: GET, Route: /]
in APPPATH/Views/errors/html/error_404.php on line 77.
 1 APPPATH/Views/errors/html/error_404.php(77): CodeIgniter\Debug\Exceptions->errorHandler()
 2 SYSTEMPATH/View/View.php(224): include('/var/www/html/capstone/app/Views/errors/html/error_404.php')
 3 SYSTEMPATH/View/View.php(227): CodeIgniter\View\View->CodeIgniter\View\{closure}()
 4 SYSTEMPATH/Common.php(1173): CodeIgniter\View\View->render()
 5 APPPATH/Controllers/Error.php(11): view()
 6 SYSTEMPATH/CodeIgniter.php(965): App\Controllers\Error->show404()
 7 SYSTEMPATH/CodeIgniter.php(360): CodeIgniter\CodeIgniter->display404errors()
 8 SYSTEMPATH/Boot.php(334): CodeIgniter\CodeIgniter->run()
 9 SYSTEMPATH/Boot.php(67): CodeIgniter\Boot::runCodeIgniter()
10 FCPATH/index.php(56): CodeIgniter\Boot::bootWeb()
CRITICAL - 2025-04-04 02:30:16 --> ErrorException: Undefined variable $message
[Method: GET, Route: /]
in APPPATH/Views/errors/html/error_404.php on line 77.
 1 APPPATH/Views/errors/html/error_404.php(77): CodeIgniter\Debug\Exceptions->errorHandler()
 2 SYSTEMPATH/View/View.php(224): include('/var/www/html/capstone/app/Views/errors/html/error_404.php')
 3 SYSTEMPATH/View/View.php(227): CodeIgniter\View\View->CodeIgniter\View\{closure}()
 4 SYSTEMPATH/Common.php(1173): CodeIgniter\View\View->render()
 5 APPPATH/Controllers/Error.php(11): view()
 6 SYSTEMPATH/CodeIgniter.php(965): App\Controllers\Error->show404()
 7 SYSTEMPATH/CodeIgniter.php(360): CodeIgniter\CodeIgniter->display404errors()
 8 SYSTEMPATH/Boot.php(334): CodeIgniter\CodeIgniter->run()
 9 SYSTEMPATH/Boot.php(67): CodeIgniter\Boot::runCodeIgniter()
10 FCPATH/index.php(56): CodeIgniter\Boot::bootWeb()
CRITICAL - 2025-04-04 02:30:18 --> ErrorException: Undefined variable $message
[Method: GET, Route: /]
in APPPATH/Views/errors/html/error_404.php on line 77.
 1 APPPATH/Views/errors/html/error_404.php(77): CodeIgniter\Debug\Exceptions->errorHandler()
 2 SYSTEMPATH/View/View.php(224): include('/var/www/html/capstone/app/Views/errors/html/error_404.php')
 3 SYSTEMPATH/View/View.php(227): CodeIgniter\View\View->CodeIgniter\View\{closure}()
 4 SYSTEMPATH/Common.php(1173): CodeIgniter\View\View->render()
 5 APPPATH/Controllers/Error.php(11): view()
 6 SYSTEMPATH/CodeIgniter.php(965): App\Controllers\Error->show404()
 7 SYSTEMPATH/CodeIgniter.php(360): CodeIgniter\CodeIgniter->display404errors()
 8 SYSTEMPATH/Boot.php(334): CodeIgniter\CodeIgniter->run()
 9 SYSTEMPATH/Boot.php(67): CodeIgniter\Boot::runCodeIgniter()
10 FCPATH/index.php(56): CodeIgniter\Boot::bootWeb()
CRITICAL - 2025-04-04 02:37:07 --> CodeIgniter\View\Exceptions\ViewException: Invalid file: "layout/page_layout.php"
[Method: GET, Route: /]
in SYSTEMPATH/Exceptions/FrameworkException.php on line 39.
 1 SYSTEMPATH/View/View.php(212): CodeIgniter\Exceptions\FrameworkException::forInvalidFile()
 2 SYSTEMPATH/View/View.php(240): CodeIgniter\View\View->render()
 3 SYSTEMPATH/Common.php(1173): CodeIgniter\View\View->render()
 4 APPPATH/Controllers/Error.php(11): view()
 5 SYSTEMPATH/CodeIgniter.php(965): App\Controllers\Error->show404()
 6 SYSTEMPATH/CodeIgniter.php(360): CodeIgniter\CodeIgniter->display404errors()
 7 SYSTEMPATH/Boot.php(334): CodeIgniter\CodeIgniter->run()
 8 SYSTEMPATH/Boot.php(67): CodeIgniter\Boot::runCodeIgniter()
 9 FCPATH/index.php(56): CodeIgniter\Boot::bootWeb()
DEBUG - 2025-04-04 03:23:54 --> Session: Class initialized using 'CodeIgniter\Session\Handlers\FileHandler' driver.
DEBUG - 2025-04-04 03:24:02 --> Session: Class initialized using 'CodeIgniter\Session\Handlers\FileHandler' driver.
DEBUG - 2025-04-04 03:26:25 --> Session: Class initialized using 'CodeIgniter\Session\Handlers\FileHandler' driver.
CRITICAL - 2025-04-04 03:26:25 --> CodeIgniter\View\Exceptions\ViewException: Invalid file: "login.php"
[Method: GET, Route: login]
in SYSTEMPATH/Exceptions/FrameworkException.php on line 39.
 1 SYSTEMPATH/View/View.php(212): CodeIgniter\Exceptions\FrameworkException::forInvalidFile()
 2 SYSTEMPATH/Common.php(1173): CodeIgniter\View\View->render()
 3 APPPATH/Controllers/Login.php(19): view()
 4 SYSTEMPATH/CodeIgniter.php(933): App\Controllers\Login->index()
 5 SYSTEMPATH/CodeIgniter.php(507): CodeIgniter\CodeIgniter->runController()
 6 SYSTEMPATH/CodeIgniter.php(354): CodeIgniter\CodeIgniter->handleRequest()
 7 SYSTEMPATH/Boot.php(334): CodeIgniter\CodeIgniter->run()
 8 SYSTEMPATH/Boot.php(67): CodeIgniter\Boot::runCodeIgniter()
 9 FCPATH/index.php(56): CodeIgniter\Boot::bootWeb()
DEBUG - 2025-04-04 03:27:21 --> Session: Class initialized using 'CodeIgniter\Session\Handlers\FileHandler' driver.
DEBUG - 2025-04-04 03:35:04 --> Session: Class initialized using 'CodeIgniter\Session\Handlers\FileHandler' driver.
DEBUG - 2025-04-04 15:20:41 --> Session: Class initialized using 'CodeIgniter\Session\Handlers\FileHandler' driver.
DEBUG - 2025-04-04 15:37:20 --> Session: Class initialized using 'CodeIgniter\Session\Handlers\FileHandler' driver.
DEBUG - 2025-04-04 15:37:37 --> Session: Class initialized using 'CodeIgniter\Session\Handlers\FileHandler' driver.
CRITICAL - 2025-04-04 15:37:37 --> Error: Class "App\Models\UserModel" not found
[Method: POST, Route: login/auth]
in APPPATH/Controllers/Login.php on line 25.
 1 SYSTEMPATH/CodeIgniter.php(933): App\Controllers\Login->auth()
 2 SYSTEMPATH/CodeIgniter.php(507): CodeIgniter\CodeIgniter->runController()
 3 SYSTEMPATH/CodeIgniter.php(354): CodeIgniter\CodeIgniter->handleRequest()
 4 SYSTEMPATH/Boot.php(334): CodeIgniter\CodeIgniter->run()
 5 SYSTEMPATH/Boot.php(67): CodeIgniter\Boot::runCodeIgniter()
 6 FCPATH/index.php(56): CodeIgniter\Boot::bootWeb()
DEBUG - 2025-04-04 15:38:30 --> Session: Class initialized using 'CodeIgniter\Session\Handlers\FileHandler' driver.
CRITICAL - 2025-04-04 15:38:30 --> Error: Class "App\Models\UserModel" not found
[Method: POST, Route: login/auth]
in APPPATH/Controllers/Login.php on line 25.
 1 SYSTEMPATH/CodeIgniter.php(933): App\Controllers\Login->auth()
 2 SYSTEMPATH/CodeIgniter.php(507): CodeIgniter\CodeIgniter->runController()
 3 SYSTEMPATH/CodeIgniter.php(354): CodeIgniter\CodeIgniter->handleRequest()
 4 SYSTEMPATH/Boot.php(334): CodeIgniter\CodeIgniter->run()
 5 SYSTEMPATH/Boot.php(67): CodeIgniter\Boot::runCodeIgniter()
 6 FCPATH/index.php(56): CodeIgniter\Boot::bootWeb()
DEBUG - 2025-04-04 15:58:49 --> Session: Class initialized using 'CodeIgniter\Session\Handlers\FileHandler' driver.
ERROR - 2025-04-04 15:58:49 --> mysqli_sql_exception: Unknown column 'username' in 'WHERE' in /var/www/html/capstone/system/Database/MySQLi/Connection.php:327
Stack trace:
#0 /var/www/html/capstone/system/Database/MySQLi/Connection.php(327): mysqli->query()
#1 /var/www/html/capstone/system/Database/BaseConnection.php(738): CodeIgniter\Database\MySQLi\Connection->execute()
#2 /var/www/html/capstone/system/Database/BaseConnection.php(652): CodeIgniter\Database\BaseConnection->simpleQuery()
#3 /var/www/html/capstone/system/Database/BaseBuilder.php(1649): CodeIgniter\Database\BaseConnection->query()
#4 /var/www/html/capstone/system/Model.php(330): CodeIgniter\Database\BaseBuilder->get()
#5 /var/www/html/capstone/system/BaseModel.php(713): CodeIgniter\Model->doFirst()
#6 /var/www/html/capstone/app/Controllers/Login.php(30): CodeIgniter\BaseModel->first()
#7 /var/www/html/capstone/system/CodeIgniter.php(933): App\Controllers\Login->auth()
#8 /var/www/html/capstone/system/CodeIgniter.php(507): CodeIgniter\CodeIgniter->runController()
#9 /var/www/html/capstone/system/CodeIgniter.php(354): CodeIgniter\CodeIgniter->handleRequest()
#10 /var/www/html/capstone/system/Boot.php(334): CodeIgniter\CodeIgniter->run()
#11 /var/www/html/capstone/system/Boot.php(67): CodeIgniter\Boot::runCodeIgniter()
#12 /var/www/html/capstone/public/index.php(56): CodeIgniter\Boot::bootWeb()
#13 {main}
CRITICAL - 2025-04-04 15:58:49 --> CodeIgniter\Database\Exceptions\DatabaseException: Unknown column 'username' in 'WHERE'
[Method: POST, Route: login/auth]
in SYSTEMPATH/Database/BaseConnection.php on line 692.
 1 SYSTEMPATH/Database/BaseBuilder.php(1649): CodeIgniter\Database\BaseConnection->query()
 2 SYSTEMPATH/Model.php(330): CodeIgniter\Database\BaseBuilder->get()
 3 SYSTEMPATH/BaseModel.php(713): CodeIgniter\Model->doFirst()
 4 APPPATH/Controllers/Login.php(30): CodeIgniter\BaseModel->first()
 5 SYSTEMPATH/CodeIgniter.php(933): App\Controllers\Login->auth()
 6 SYSTEMPATH/CodeIgniter.php(507): CodeIgniter\CodeIgniter->runController()
 7 SYSTEMPATH/CodeIgniter.php(354): CodeIgniter\CodeIgniter->handleRequest()
 8 SYSTEMPATH/Boot.php(334): CodeIgniter\CodeIgniter->run()
 9 SYSTEMPATH/Boot.php(67): CodeIgniter\Boot::runCodeIgniter()
10 FCPATH/index.php(56): CodeIgniter\Boot::bootWeb()
CRITICAL - 2025-04-04 15:58:49 --> [Caused by] CodeIgniter\Database\Exceptions\DatabaseException: Unknown column 'username' in 'WHERE'
in SYSTEMPATH/Database/MySQLi/Connection.php on line 332.
 1 SYSTEMPATH/Database/BaseConnection.php(738): CodeIgniter\Database\MySQLi\Connection->execute()
 2 SYSTEMPATH/Database/BaseConnection.php(652): CodeIgniter\Database\BaseConnection->simpleQuery()
 3 SYSTEMPATH/Database/BaseBuilder.php(1649): CodeIgniter\Database\BaseConnection->query()
 4 SYSTEMPATH/Model.php(330): CodeIgniter\Database\BaseBuilder->get()
 5 SYSTEMPATH/BaseModel.php(713): CodeIgniter\Model->doFirst()
 6 APPPATH/Controllers/Login.php(30): CodeIgniter\BaseModel->first()
 7 SYSTEMPATH/CodeIgniter.php(933): App\Controllers\Login->auth()
 8 SYSTEMPATH/CodeIgniter.php(507): CodeIgniter\CodeIgniter->runController()
 9 SYSTEMPATH/CodeIgniter.php(354): CodeIgniter\CodeIgniter->handleRequest()
10 SYSTEMPATH/Boot.php(334): CodeIgniter\CodeIgniter->run()
11 SYSTEMPATH/Boot.php(67): CodeIgniter\Boot::runCodeIgniter()
12 FCPATH/index.php(56): CodeIgniter\Boot::bootWeb()
CRITICAL - 2025-04-04 15:58:49 --> [Caused by] mysqli_sql_exception: Unknown column 'username' in 'WHERE'
in SYSTEMPATH/Database/MySQLi/Connection.php on line 327.
 1 SYSTEMPATH/Database/MySQLi/Connection.php(327): mysqli->query()
 2 SYSTEMPATH/Database/BaseConnection.php(738): CodeIgniter\Database\MySQLi\Connection->execute()
 3 SYSTEMPATH/Database/BaseConnection.php(652): CodeIgniter\Database\BaseConnection->simpleQuery()
 4 SYSTEMPATH/Database/BaseBuilder.php(1649): CodeIgniter\Database\BaseConnection->query()
 5 SYSTEMPATH/Model.php(330): CodeIgniter\Database\BaseBuilder->get()
 6 SYSTEMPATH/BaseModel.php(713): CodeIgniter\Model->doFirst()
 7 APPPATH/Controllers/Login.php(30): CodeIgniter\BaseModel->first()
 8 SYSTEMPATH/CodeIgniter.php(933): App\Controllers\Login->auth()
 9 SYSTEMPATH/CodeIgniter.php(507): CodeIgniter\CodeIgniter->runController()
10 SYSTEMPATH/CodeIgniter.php(354): CodeIgniter\CodeIgniter->handleRequest()
11 SYSTEMPATH/Boot.php(334): CodeIgniter\CodeIgniter->run()
12 SYSTEMPATH/Boot.php(67): CodeIgniter\Boot::runCodeIgniter()
13 FCPATH/index.php(56): CodeIgniter\Boot::bootWeb()
DEBUG - 2025-04-04 15:59:43 --> Session: Class initialized using 'CodeIgniter\Session\Handlers\FileHandler' driver.
DEBUG - 2025-04-04 16:00:00 --> Session: Class initialized using 'CodeIgniter\Session\Handlers\FileHandler' driver.
DEBUG - 2025-04-04 16:00:35 --> Session: Class initialized using 'CodeIgniter\Session\Handlers\FileHandler' driver.
ERROR - 2025-04-04 16:00:35 --> mysqli_sql_exception: Unknown column 'username' in 'WHERE' in /var/www/html/capstone/system/Database/MySQLi/Connection.php:327
Stack trace:
#0 /var/www/html/capstone/system/Database/MySQLi/Connection.php(327): mysqli->query()
#1 /var/www/html/capstone/system/Database/BaseConnection.php(738): CodeIgniter\Database\MySQLi\Connection->execute()
#2 /var/www/html/capstone/system/Database/BaseConnection.php(652): CodeIgniter\Database\BaseConnection->simpleQuery()
#3 /var/www/html/capstone/system/Database/BaseBuilder.php(1649): CodeIgniter\Database\BaseConnection->query()
#4 /var/www/html/capstone/system/Model.php(330): CodeIgniter\Database\BaseBuilder->get()
#5 /var/www/html/capstone/system/BaseModel.php(713): CodeIgniter\Model->doFirst()
#6 /var/www/html/capstone/app/Controllers/Login.php(30): CodeIgniter\BaseModel->first()
#7 /var/www/html/capstone/system/CodeIgniter.php(933): App\Controllers\Login->auth()
#8 /var/www/html/capstone/system/CodeIgniter.php(507): CodeIgniter\CodeIgniter->runController()
#9 /var/www/html/capstone/system/CodeIgniter.php(354): CodeIgniter\CodeIgniter->handleRequest()
#10 /var/www/html/capstone/system/Boot.php(334): CodeIgniter\CodeIgniter->run()
#11 /var/www/html/capstone/system/Boot.php(67): CodeIgniter\Boot::runCodeIgniter()
#12 /var/www/html/capstone/public/index.php(56): CodeIgniter\Boot::bootWeb()
#13 {main}
CRITICAL - 2025-04-04 16:00:35 --> CodeIgniter\Database\Exceptions\DatabaseException: Unknown column 'username' in 'WHERE'
[Method: POST, Route: login/auth]
in SYSTEMPATH/Database/BaseConnection.php on line 692.
 1 SYSTEMPATH/Database/BaseBuilder.php(1649): CodeIgniter\Database\BaseConnection->query()
 2 SYSTEMPATH/Model.php(330): CodeIgniter\Database\BaseBuilder->get()
 3 SYSTEMPATH/BaseModel.php(713): CodeIgniter\Model->doFirst()
 4 APPPATH/Controllers/Login.php(30): CodeIgniter\BaseModel->first()
 5 SYSTEMPATH/CodeIgniter.php(933): App\Controllers\Login->auth()
 6 SYSTEMPATH/CodeIgniter.php(507): CodeIgniter\CodeIgniter->runController()
 7 SYSTEMPATH/CodeIgniter.php(354): CodeIgniter\CodeIgniter->handleRequest()
 8 SYSTEMPATH/Boot.php(334): CodeIgniter\CodeIgniter->run()
 9 SYSTEMPATH/Boot.php(67): CodeIgniter\Boot::runCodeIgniter()
10 FCPATH/index.php(56): CodeIgniter\Boot::bootWeb()
CRITICAL - 2025-04-04 16:00:35 --> [Caused by] CodeIgniter\Database\Exceptions\DatabaseException: Unknown column 'username' in 'WHERE'
in SYSTEMPATH/Database/MySQLi/Connection.php on line 332.
 1 SYSTEMPATH/Database/BaseConnection.php(738): CodeIgniter\Database\MySQLi\Connection->execute()
 2 SYSTEMPATH/Database/BaseConnection.php(652): CodeIgniter\Database\BaseConnection->simpleQuery()
 3 SYSTEMPATH/Database/BaseBuilder.php(1649): CodeIgniter\Database\BaseConnection->query()
 4 SYSTEMPATH/Model.php(330): CodeIgniter\Database\BaseBuilder->get()
 5 SYSTEMPATH/BaseModel.php(713): CodeIgniter\Model->doFirst()
 6 APPPATH/Controllers/Login.php(30): CodeIgniter\BaseModel->first()
 7 SYSTEMPATH/CodeIgniter.php(933): App\Controllers\Login->auth()
 8 SYSTEMPATH/CodeIgniter.php(507): CodeIgniter\CodeIgniter->runController()
 9 SYSTEMPATH/CodeIgniter.php(354): CodeIgniter\CodeIgniter->handleRequest()
10 SYSTEMPATH/Boot.php(334): CodeIgniter\CodeIgniter->run()
11 SYSTEMPATH/Boot.php(67): CodeIgniter\Boot::runCodeIgniter()
12 FCPATH/index.php(56): CodeIgniter\Boot::bootWeb()
CRITICAL - 2025-04-04 16:00:35 --> [Caused by] mysqli_sql_exception: Unknown column 'username' in 'WHERE'
in SYSTEMPATH/Database/MySQLi/Connection.php on line 327.
 1 SYSTEMPATH/Database/MySQLi/Connection.php(327): mysqli->query()
 2 SYSTEMPATH/Database/BaseConnection.php(738): CodeIgniter\Database\MySQLi\Connection->execute()
 3 SYSTEMPATH/Database/BaseConnection.php(652): CodeIgniter\Database\BaseConnection->simpleQuery()
 4 SYSTEMPATH/Database/BaseBuilder.php(1649): CodeIgniter\Database\BaseConnection->query()
 5 SYSTEMPATH/Model.php(330): CodeIgniter\Database\BaseBuilder->get()
 6 SYSTEMPATH/BaseModel.php(713): CodeIgniter\Model->doFirst()
 7 APPPATH/Controllers/Login.php(30): CodeIgniter\BaseModel->first()
 8 SYSTEMPATH/CodeIgniter.php(933): App\Controllers\Login->auth()
 9 SYSTEMPATH/CodeIgniter.php(507): CodeIgniter\CodeIgniter->runController()
10 SYSTEMPATH/CodeIgniter.php(354): CodeIgniter\CodeIgniter->handleRequest()
11 SYSTEMPATH/Boot.php(334): CodeIgniter\CodeIgniter->run()
12 SYSTEMPATH/Boot.php(67): CodeIgniter\Boot::runCodeIgniter()
13 FCPATH/index.php(56): CodeIgniter\Boot::bootWeb()
DEBUG - 2025-04-04 16:00:47 --> Session: Class initialized using 'CodeIgniter\Session\Handlers\FileHandler' driver.
DEBUG - 2025-04-04 16:02:53 --> Session: Class initialized using 'CodeIgniter\Session\Handlers\FileHandler' driver.
DEBUG - 2025-04-04 16:04:47 --> Session: Class initialized using 'CodeIgniter\Session\Handlers\FileHandler' driver.
DEBUG - 2025-04-04 16:06:09 --> Session: Class initialized using 'CodeIgniter\Session\Handlers\FileHandler' driver.
DEBUG - 2025-04-04 16:07:11 --> Session: Class initialized using 'CodeIgniter\Session\Handlers\FileHandler' driver.
CRITICAL - 2025-04-04 16:07:11 --> ErrorException: Undefined variable $hashedPassword
[Method: POST, Route: login/auth]
in APPPATH/Controllers/Login.php on line 37.
 1 APPPATH/Controllers/Login.php(37): CodeIgniter\Debug\Exceptions->errorHandler()
 2 SYSTEMPATH/CodeIgniter.php(933): App\Controllers\Login->auth()
 3 SYSTEMPATH/CodeIgniter.php(507): CodeIgniter\CodeIgniter->runController()
 4 SYSTEMPATH/CodeIgniter.php(354): CodeIgniter\CodeIgniter->handleRequest()
 5 SYSTEMPATH/Boot.php(334): CodeIgniter\CodeIgniter->run()
 6 SYSTEMPATH/Boot.php(67): CodeIgniter\Boot::runCodeIgniter()
 7 FCPATH/index.php(56): CodeIgniter\Boot::bootWeb()
DEBUG - 2025-04-04 16:08:13 --> Session: Class initialized using 'CodeIgniter\Session\Handlers\FileHandler' driver.
DEBUG - 2025-04-04 16:17:34 --> Session: Class initialized using 'CodeIgniter\Session\Handlers\FileHandler' driver.
DEBUG - 2025-04-04 16:39:01 --> Session: Class initialized using 'CodeIgniter\Session\Handlers\FileHandler' driver.
ERROR - 2025-04-04 17:00:48 --> mysqli_sql_exception: Table 'office_reservation_system.users' doesn't exist in /var/www/html/capstone/system/Database/MySQLi/Connection.php:327
Stack trace:
#0 /var/www/html/capstone/system/Database/MySQLi/Connection.php(327): mysqli->query()
#1 /var/www/html/capstone/system/Database/BaseConnection.php(738): CodeIgniter\Database\MySQLi\Connection->execute()
#2 /var/www/html/capstone/system/Database/BaseConnection.php(652): CodeIgniter\Database\BaseConnection->simpleQuery()
#3 /var/www/html/capstone/system/Database/BaseBuilder.php(2345): CodeIgniter\Database\BaseConnection->query()
#4 /var/www/html/capstone/app/Database/Seeds/UserSeeder.php(23): CodeIgniter\Database\BaseBuilder->insert()
#5 /var/www/html/capstone/system/Database/Seeder.php(147): App\Database\Seeds\UserSeeder->run()
#6 /var/www/html/capstone/system/Commands/Database/Seed.php(79): CodeIgniter\Database\Seeder->call()
#7 /var/www/html/capstone/system/CLI/Commands.php(70): CodeIgniter\Commands\Database\Seed->run()
#8 /var/www/html/capstone/system/CLI/Console.php(48): CodeIgniter\CLI\Commands->run()
#9 /var/www/html/capstone/system/Boot.php(360): CodeIgniter\CLI\Console->run()
#10 /var/www/html/capstone/system/Boot.php(104): CodeIgniter\Boot::runCommand()
#11 /var/www/html/capstone/spark(84): CodeIgniter\Boot::bootSpark()
#12 {main}
ERROR - 2025-04-04 17:02:14 --> mysqli_sql_exception: Unknown column 'username' in 'INSERT INTO' in /var/www/html/capstone/system/Database/MySQLi/Connection.php:327
Stack trace:
#0 /var/www/html/capstone/system/Database/MySQLi/Connection.php(327): mysqli->query()
#1 /var/www/html/capstone/system/Database/BaseConnection.php(738): CodeIgniter\Database\MySQLi\Connection->execute()
#2 /var/www/html/capstone/system/Database/BaseConnection.php(652): CodeIgniter\Database\BaseConnection->simpleQuery()
#3 /var/www/html/capstone/system/Database/BaseBuilder.php(2345): CodeIgniter\Database\BaseConnection->query()
#4 /var/www/html/capstone/app/Database/Seeds/UserSeeder.php(23): CodeIgniter\Database\BaseBuilder->insert()
#5 /var/www/html/capstone/system/Database/Seeder.php(147): App\Database\Seeds\UserSeeder->run()
#6 /var/www/html/capstone/system/Commands/Database/Seed.php(79): CodeIgniter\Database\Seeder->call()
#7 /var/www/html/capstone/system/CLI/Commands.php(70): CodeIgniter\Commands\Database\Seed->run()
#8 /var/www/html/capstone/system/CLI/Console.php(48): CodeIgniter\CLI\Commands->run()
#9 /var/www/html/capstone/system/Boot.php(360): CodeIgniter\CLI\Console->run()
#10 /var/www/html/capstone/system/Boot.php(104): CodeIgniter\Boot::runCommand()
#11 /var/www/html/capstone/spark(84): CodeIgniter\Boot::bootSpark()
#12 {main}
DEBUG - 2025-04-04 17:06:00 --> Session: Class initialized using 'CodeIgniter\Session\Handlers\FileHandler' driver.
DEBUG - 2025-04-04 17:07:13 --> Session: Class initialized using 'CodeIgniter\Session\Handlers\FileHandler' driver.
DEBUG - 2025-04-04 17:07:45 --> Session: Class initialized using 'CodeIgniter\Session\Handlers\FileHandler' driver.
DEBUG - 2025-04-04 17:09:31 --> Session: Class initialized using 'CodeIgniter\Session\Handlers\FileHandler' driver.
DEBUG - 2025-04-04 17:10:39 --> Session: Class initialized using 'CodeIgniter\Session\Handlers\FileHandler' driver.
DEBUG - 2025-04-04 17:11:05 --> Session: Class initialized using 'CodeIgniter\Session\Handlers\FileHandler' driver.
DEBUG - 2025-04-04 17:12:25 --> Session: Class initialized using 'CodeIgniter\Session\Handlers\FileHandler' driver.
DEBUG - 2025-04-04 17:18:24 --> Session: Class initialized using 'CodeIgniter\Session\Handlers\FileHandler' driver.
DEBUG - 2025-04-04 17:19:51 --> Session: Class initialized using 'CodeIgniter\Session\Handlers\FileHandler' driver.
DEBUG - 2025-04-04 17:21:52 --> Session: Class initialized using 'CodeIgniter\Session\Handlers\FileHandler' driver.
DEBUG - 2025-04-04 17:22:59 --> Session: Class initialized using 'CodeIgniter\Session\Handlers\FileHandler' driver.
DEBUG - 2025-04-04 17:22:59 --> Session: Class initialized using 'CodeIgniter\Session\Handlers\FileHandler' driver.
CRITICAL - 2025-04-04 17:22:59 --> CodeIgniter\View\Exceptions\ViewException: Invalid file: "dashboard.php"
[Method: GET, Route: dashboard]
in SYSTEMPATH/Exceptions/FrameworkException.php on line 39.
 1 SYSTEMPATH/View/View.php(212): CodeIgniter\Exceptions\FrameworkException::forInvalidFile()
 2 SYSTEMPATH/Common.php(1173): CodeIgniter\View\View->render()
 3 APPPATH/Controllers/Dashboard.php(29): view()
 4 SYSTEMPATH/CodeIgniter.php(933): App\Controllers\Dashboard->index()
 5 SYSTEMPATH/CodeIgniter.php(507): CodeIgniter\CodeIgniter->runController()
 6 SYSTEMPATH/CodeIgniter.php(354): CodeIgniter\CodeIgniter->handleRequest()
 7 SYSTEMPATH/Boot.php(334): CodeIgniter\CodeIgniter->run()
 8 SYSTEMPATH/Boot.php(67): CodeIgniter\Boot::runCodeIgniter()
 9 FCPATH/index.php(56): CodeIgniter\Boot::bootWeb()
DEBUG - 2025-04-04 18:53:20 --> Session: Class initialized using 'CodeIgniter\Session\Handlers\FileHandler' driver.
DEBUG - 2025-04-04 19:23:11 --> Session: Class initialized using 'CodeIgniter\Session\Handlers\FileHandler' driver.
DEBUG - 2025-04-04 19:51:16 --> Session: Class initialized using 'CodeIgniter\Session\Handlers\FileHandler' driver.
DEBUG - 2025-04-04 22:33:43 --> Session: Class initialized using 'CodeIgniter\Session\Handlers\FileHandler' driver.
DEBUG - 2025-04-04 23:10:26 --> Session: Class initialized using 'CodeIgniter\Session\Handlers\FileHandler' driver.
DEBUG - 2025-04-04 23:30:26 --> Session: Class initialized using 'CodeIgniter\Session\Handlers\FileHandler' driver.
